<?xml version="1.0" encoding="UTF-8"?>
<!-- Generated by org.testng.reporters.JUnitReportReporter -->
<testsuite hostname="SkyNet" failures="0" tests="1" name="com.testng.test.DemoGuruTestNG" time="4.152" errors="0" timestamp="2022-04-20T21:55:17 EDT" skipped="0">
  <testcase classname="com.testng.test.DemoGuruTestNG" name="goFlight" time="4.152"/>
  <system-out/>
</testsuite> <!-- com.testng.test.DemoGuruTestNG -->
