<?xml version="1.0" encoding="UTF-8"?>
<!-- Generated by org.testng.reporters.JUnitReportReporter -->
<testsuite hostname="SkyNet" failures="0" tests="1" name="com.runnerfile.RunnerFile" time="7.530" errors="0" timestamp="2022-04-20T22:29:58 EDT" skipped="0">
  <testcase classname="com.runnerfile.RunnerFile" name="runScenario" time="7.530"/>
  <system-out/>
</testsuite> <!-- com.runnerfile.RunnerFile -->
